  aimbot.cpp
  animationfix.cpp
  autowalk.cpp
  autowall.cpp
  bhop.cpp
  chams.cpp
  fakelag.cpp
  glow.cpp
  item_definitions.cpp
  kit_parser.cpp
  lagcompensation.cpp
  misc.cpp
  ragebot.cpp
  resolver.cpp
  skins.cpp
  visuals.cpp
C:\Users\User\Documents\GitHub\nessless\CSGOSimple\render.hpp(98,49): warning C4244: аргумент: преобразование "T" в "float", возможна потеря данных
          with
          [
              T=LONG
          ]
C:\Users\User\Documents\GitHub\nessless\CSGOSimple\render.hpp(101): message : выполняется компиляция ссылки на экземпляр шаблон функции "void Render::RenderBox<LONG>(T,T,T,T,Color,float,float)"
          with
          [
              T=LONG
          ]
C:\Users\User\Documents\GitHub\nessless\CSGOSimple\render.hpp(98,45): warning C4244: аргумент: преобразование "T" в "float", возможна потеря данных
          with
          [
              T=LONG
          ]
C:\Users\User\Documents\GitHub\nessless\CSGOSimple\render.hpp(98,33): warning C4244: аргумент: преобразование "T" в "float", возможна потеря данных
          with
          [
              T=LONG
          ]
C:\Users\User\Documents\GitHub\nessless\CSGOSimple\render.hpp(98,29): warning C4244: аргумент: преобразование "T" в "float", возможна потеря данных
          with
          [
              T=LONG
          ]
  world.cpp
C:\Users\User\Documents\GitHub\nessless\CSGOSimple\features\world.cpp(98,21): warning C4018: <: несоответствие типов со знаком и без знака
  input.cpp
  keybinds.cpp
  logs.cpp
  Компиляция...
  math.cpp
  prediction.cpp
  utils.cpp
  hooks.cpp
  CLua.cpp
C:\Users\User\Documents\GitHub\nessless\CSGOSimple\lua\CLua.cpp(745,22): warning C4018: <: несоответствие типов со знаком и без знака
C:\Users\User\Documents\GitHub\nessless\CSGOSimple\lua\CLua.cpp(762,20): warning C4018: <: несоответствие типов со знаком и без знака
C:\Users\User\Documents\GitHub\nessless\CSGOSimple\lua\CLua.cpp(771,20): warning C4018: <: несоответствие типов со знаком и без знака
  main.cpp
  menu.cpp
C:\Users\User\Documents\GitHub\nessless\CSGOSimple\menu.cpp(115,50): warning C4806: |: небезопасная операция: значение типа "bool", приведенное к типу "ImGuiColorEditFlags_", не может равняться данной константе
  options.cpp
  render.cpp
C:\Users\User\Documents\GitHub\nessless\CSGOSimple\render.hpp(98,49): warning C4244: аргумент: преобразование "T" в "float", возможна потеря данных
          with
          [
              T=LONG
          ]
C:\Users\User\Documents\GitHub\nessless\CSGOSimple\render.hpp(101): message : выполняется компиляция ссылки на экземпляр шаблон функции "void Render::RenderBox<LONG>(T,T,T,T,Color,float,float)"
          with
          [
              T=LONG
          ]
C:\Users\User\Documents\GitHub\nessless\CSGOSimple\render.hpp(98,45): warning C4244: аргумент: преобразование "T" в "float", возможна потеря данных
          with
          [
              T=LONG
          ]
C:\Users\User\Documents\GitHub\nessless\CSGOSimple\render.hpp(98,33): warning C4244: аргумент: преобразование "T" в "float", возможна потеря данных
          with
          [
              T=LONG
          ]
C:\Users\User\Documents\GitHub\nessless\CSGOSimple\render.hpp(98,29): warning C4244: аргумент: преобразование "T" в "float", возможна потеря данных
          with
          [
              T=LONG
          ]
  csgostructs.cpp
  sdk.cpp
  VMatrix.cpp
  Convar.cpp
  UtlBuffer.cpp
  netvars.cpp
  Создание кода
  345 of 13858 functions ( 2.5%) were compiled, the rest were copied from previous compilation.
    1 functions were new in current compilation
    43 functions had inline decision re-evaluated but remain unchanged
  Создание кода завершено
  CSGOSimple.vcxproj -> C:\Users\User\Documents\GitHub\nessless\bin\Release\nessless.dll
