c:\users\user\documents\github\nessless\build\nessless\release\imgui_impl_win32.obj
c:\users\user\documents\github\nessless\build\nessless\release\imgui_impl_dx9.obj
c:\users\user\documents\github\nessless\build\nessless\release\imgui_widgets.obj
c:\users\user\documents\github\nessless\build\nessless\release\imgui_draw.obj
c:\users\user\documents\github\nessless\build\nessless\release\imgui.obj
c:\users\user\documents\github\nessless\build\nessless\release\hooks.obj
c:\users\user\documents\github\nessless\build\nessless\release\vfunc_hook.obj
c:\users\user\documents\github\nessless\build\nessless\release\utils.obj
c:\users\user\documents\github\nessless\build\nessless\release\prediction.obj
c:\users\user\documents\github\nessless\build\nessless\release\math.obj
c:\users\user\documents\github\nessless\build\nessless\release\input.obj
c:\users\user\documents\github\nessless\build\nessless\release\visuals.obj
c:\users\user\documents\github\nessless\build\nessless\release\skins.obj
c:\users\user\documents\github\nessless\build\nessless\release\parser.obj
c:\users\user\documents\github\nessless\build\nessless\release\kit_parser.obj
c:\users\user\documents\github\nessless\build\nessless\release\item_definitions.obj
c:\users\user\documents\github\nessless\build\nessless\release\glow.obj
c:\users\user\documents\github\nessless\build\nessless\release\chams.obj
c:\users\user\documents\github\nessless\build\nessless\release\bhop.obj
c:\users\user\documents\github\nessless\build\nessless\release\aimbot.obj
c:\users\user\documents\github\nessless\build\nessless\release\sdk.obj
c:\users\user\documents\github\nessless\build\nessless\release\netvars.obj
c:\users\user\documents\github\nessless\build\nessless\release\checksum_md5.obj
c:\users\user\documents\github\nessless\build\nessless\release\checksum_crc.obj
c:\users\user\documents\github\nessless\build\nessless\release\characterset.obj
c:\users\user\documents\github\nessless\build\nessless\release\utlstring.obj
c:\users\user\documents\github\nessless\build\nessless\release\utlbuffer.obj
c:\users\user\documents\github\nessless\build\nessless\release\convar.obj
c:\users\user\documents\github\nessless\build\nessless\release\color.obj
c:\users\user\documents\github\nessless\build\nessless\release\vector4d.obj
c:\users\user\documents\github\nessless\build\nessless\release\vector2d.obj
c:\users\user\documents\github\nessless\build\nessless\release\vmatrix.obj
c:\users\user\documents\github\nessless\build\nessless\release\csgostructs.obj
c:\users\user\documents\github\nessless\build\nessless\release\ui.obj
c:\users\user\documents\github\nessless\build\nessless\release\render.obj
c:\users\user\documents\github\nessless\build\nessless\release\options.obj
c:\users\user\documents\github\nessless\build\nessless\release\menu.obj
c:\users\user\documents\github\nessless\build\nessless\release\main.obj
c:\users\user\documents\github\nessless\build\nessless\release\ragebot.obj
c:\users\user\documents\github\nessless\build\nessless\release\autowall.obj
c:\users\user\documents\github\nessless\bin\release\nessless.dll
c:\users\user\documents\github\nessless\build\nessless\release\nessless.ipdb
c:\users\user\documents\github\nessless\build\nessless\release\nessless.iobj
c:\users\user\documents\github\nessless\build\nessless\release\nessless.tlog\cl.command.1.tlog
c:\users\user\documents\github\nessless\build\nessless\release\nessless.tlog\cl.read.1.tlog
c:\users\user\documents\github\nessless\build\nessless\release\nessless.tlog\cl.write.1.tlog
c:\users\user\documents\github\nessless\build\nessless\release\nessless.tlog\link.command.1.tlog
c:\users\user\documents\github\nessless\build\nessless\release\nessless.tlog\link.read.1.tlog
c:\users\user\documents\github\nessless\build\nessless\release\nessless.tlog\link.write.1.tlog
